<?xml version="1.0" encoding="UTF-8"?>
<!-- Generated by org.testng.reporters.JUnitReportReporter -->
<testsuite skipped="0" hostname="LAPTOP-QK4QKG3V" name="testNG.basics.Attribute5" tests="1" failures="0" timestamp="30 Jun 2025 17:20:31 GMT" time="5.066" errors="0">
  <testcase name="main" time="5.066" classname="testNG.basics.Attribute5"/>
</testsuite> <!-- testNG.basics.Attribute5 -->
