<?xml version="1.0" encoding="UTF-8"?>
<!-- Generated by org.testng.reporters.JUnitReportReporter -->
<testsuite skipped="0" hostname="LAPTOP-QK4QKG3V" name="testNG.basics.FindingElements" tests="1" failures="0" timestamp="13 Jul 2025 11:24:58 GMT" time="13.733" errors="0">
  <testcase name="findingElements" time="13.733" classname="testNG.basics.FindingElements"/>
</testsuite> <!-- testNG.basics.FindingElements -->
