<?xml version="1.0" encoding="UTF-8"?>
<!-- Generated by org.testng.reporters.JUnitReportReporter -->
<testsuite skipped="0" hostname="LAPTOP-QK4QKG3V" name="testNG.basics.Attribute6" tests="2" failures="0" timestamp="02 Jul 2025 13:52:09 GMT" time="0.018" errors="0">
  <testcase name="login" time="0.015" classname="testNG.basics.Attribute6"/>
  <testcase name="scrolling" time="0.003" classname="testNG.basics.Attribute6"/>
</testsuite> <!-- testNG.basics.Attribute6 -->
