<?xml version="1.0" encoding="UTF-8"?>
<!-- Generated by org.testng.reporters.JUnitReportReporter -->
<testsuite skipped="0" hostname="LAPTOP-QK4QKG3V" name="testNG.basics.Attribute3$InterviewQues" tests="3" failures="0" timestamp="30 Jun 2025 00:59:24 GMT" time="37.022" errors="0">
  <testcase name="main" time="8.244" classname="testNG.basics.Attribute3$InterviewQues"/>
  <testcase name="main" time="24.882" classname="testNG.basics.Attribute3$InterviewQues"/>
  <testcase name="main" time="3.896" classname="testNG.basics.Attribute3$InterviewQues"/>
</testsuite> <!-- testNG.basics.Attribute3$InterviewQues -->
