<?xml version="1.0" encoding="UTF-8"?>
<!-- Generated by org.testng.reporters.JUnitReportReporter -->
<testsuite skipped="0" hostname="LAPTOP-QK4QKG3V" name="testNG.basics.Parameters" tests="2" failures="0" timestamp="13 Jul 2025 11:23:35 GMT" time="39.855" errors="0">
  <testcase name="login" time="18.370" classname="testNG.basics.Parameters"/>
  <testcase name="login" time="21.485" classname="testNG.basics.Parameters"/>
</testsuite> <!-- testNG.basics.Parameters -->
